<?xml version="1.0" encoding="UTF-8"?>
<testng-results ignored="0" total="1" passed="1" failed="0" skipped="0">
  <reporter-output>
  </reporter-output>
  <suite started-at="2024-03-26T14:01:19 IST" name="Default suite" finished-at="2024-03-26T14:01:26 IST" duration-ms="7316">
    <groups>
    </groups>
    <test started-at="2024-03-26T14:01:19 IST" name="Default test" finished-at="2024-03-26T14:01:26 IST" duration-ms="7316">
      <class name="MiniProject.ExtentReports.ExtentReportDemo">
        <test-method is-config="true" signature="config()[pri:0, instance:MiniProject.ExtentReports.ExtentReportDemo@158da8e]" started-at="2024-03-26T14:01:19 IST" name="config" finished-at="2024-03-26T14:01:19 IST" duration-ms="430" status="PASS">
          <reporter-output>
          </reporter-output>
        </test-method> <!-- config -->
        <test-method signature="initialDemo()[pri:0, instance:MiniProject.ExtentReports.ExtentReportDemo@158da8e]" started-at="2024-03-26T14:01:19 IST" name="initialDemo" finished-at="2024-03-26T14:01:26 IST" duration-ms="6817" status="PASS">
          <reporter-output>
          </reporter-output>
        </test-method> <!-- initialDemo -->
      </class> <!-- MiniProject.ExtentReports.ExtentReportDemo -->
    </test> <!-- Default test -->
  </suite> <!-- Default suite -->
</testng-results>
