<?xml version="1.0" encoding="UTF-8"?>
<testng-results ignored="9" total="12" passed="3" failed="0" skipped="0">
  <reporter-output>
  </reporter-output>
  <suite started-at="2024-10-02T17:19:43 IST" name="LoanDepartment" finished-at="2024-10-02T17:19:43 IST" duration-ms="80">
    <groups>
      <group name="Smoke">
        <method signature="day1.Personalloan()[pri:0, instance:Test.day1@5fbdfdcf]" name="Personalloan" class="Test.day1"/>
        <method signature="day3.carloanType()[pri:0, instance:Test.day3@47987356]" name="carloanType" class="Test.day3"/>
        <method signature="day4.UIAPILogin()[pri:0, instance:Test.day4@7205765b]" name="UIAPILogin" class="Test.day4"/>
      </group> <!-- Smoke -->
    </groups>
    <test started-at="2024-10-02T17:19:43 IST" name="PersonalLoan" finished-at="2024-10-02T17:19:43 IST" duration-ms="80">
      <class name="Test.day1">
        <test-method signature="Personalloan()[pri:0, instance:Test.day1@5fbdfdcf]" started-at="2024-10-02T17:19:43 IST" name="Personalloan" finished-at="2024-10-02T17:19:43 IST" duration-ms="9" status="PASS">
          <reporter-output>
          </reporter-output>
        </test-method> <!-- Personalloan -->
      </class> <!-- Test.day1 -->
      <class name="Test.day3">
        <test-method signature="carloanType()[pri:0, instance:Test.day3@47987356]" started-at="2024-10-02T17:19:43 IST" name="carloanType" finished-at="2024-10-02T17:19:43 IST" duration-ms="7" status="PASS">
          <reporter-output>
          </reporter-output>
        </test-method> <!-- carloanType -->
      </class> <!-- Test.day3 -->
      <class name="Test.day4">
        <test-method signature="UIAPILogin()[pri:0, instance:Test.day4@7205765b]" started-at="2024-10-02T17:19:43 IST" name="UIAPILogin" finished-at="2024-10-02T17:19:43 IST" duration-ms="3" status="PASS">
          <reporter-output>
          </reporter-output>
        </test-method> <!-- UIAPILogin -->
      </class> <!-- Test.day4 -->
    </test> <!-- PersonalLoan -->
  </suite> <!-- LoanDepartment -->
</testng-results>
