<?xml version="1.0" encoding="UTF-8"?>
<!-- Generated by org.testng.reporters.JUnitXMLReporter -->
<testsuite ignored="9" hostname="DESKTOP-QVJEVT1" failures="0" tests="3" name="PersonalLoan" time="0.08" errors="0" timestamp="2024-10-02T17:19:43 IST">
  <testcase classname="Test.day1" name="Personalloan" time="0.009"/>
  <testcase classname="Test.day4" name="UIAPILogin" time="0.003"/>
  <testcase classname="Test.day3" name="carloanType" time="0.007"/>
  <testcase classname="Test.day1" name="HomeLoan" time="0.0">
    <ignored/>
  </testcase> <!-- HomeLoan -->
  <testcase classname="Test.day1" name="HomeLoan2" time="0.0">
    <ignored/>
  </testcase> <!-- HomeLoan2 -->
  <testcase classname="Test.day1" name="HomeLoan1" time="0.0">
    <ignored/>
  </testcase> <!-- HomeLoan1 -->
  <testcase classname="Test.day2" name="Homeloan" time="0.0">
    <ignored/>
  </testcase> <!-- Homeloan -->
  <testcase classname="Test.day4" name="Mobilelogout3" time="0.0">
    <ignored/>
  </testcase> <!-- Mobilelogout3 -->
  <testcase classname="Test.day4" name="Mobilelogout1" time="0.0">
    <ignored/>
  </testcase> <!-- Mobilelogout1 -->
  <testcase classname="Test.day4" name="Mobilelogout2" time="0.0">
    <ignored/>
  </testcase> <!-- Mobilelogout2 -->
  <testcase classname="Test.day4" name="MobileLogin" time="0.0">
    <ignored/>
  </testcase> <!-- MobileLogin -->
  <testcase classname="Test.day3" name="carloan" time="0.0">
    <ignored/>
  </testcase> <!-- carloan -->
</testsuite> <!-- PersonalLoan -->
